{"total": {"lines":{"total":1826,"covered":95,"skipped":0,"pct":5.2},"statements":{"total":1826,"covered":95,"skipped":0,"pct":5.2},"functions":{"total":42,"covered":6,"skipped":0,"pct":14.28},"branches":{"total":39,"covered":12,"skipped":0,"pct":30.76},"branchesTrue":{"total":0,"covered":0,"skipped":0,"pct":100}}
,"/home/jackkru69/Documents/PowerTools/packages/tssdk/src/index.ts": {"lines":{"total":1,"covered":0,"skipped":0,"pct":0},"functions":{"total":1,"covered":0,"skipped":0,"pct":0},"statements":{"total":1,"covered":0,"skipped":0,"pct":0},"branches":{"total":1,"covered":0,"skipped":0,"pct":0}}
,"/home/jackkru69/Documents/PowerTools/packages/tssdk/src/typings.ts": {"lines":{"total":3,"covered":3,"skipped":0,"pct":100},"functions":{"total":0,"covered":0,"skipped":0,"pct":100},"statements":{"total":3,"covered":3,"skipped":0,"pct":100},"branches":{"total":1,"covered":1,"skipped":0,"pct":100}}
,"/home/jackkru69/Documents/PowerTools/packages/tssdk/src/config/chain.config.ts": {"lines":{"total":7,"covered":0,"skipped":0,"pct":0},"functions":{"total":1,"covered":0,"skipped":0,"pct":0},"statements":{"total":7,"covered":0,"skipped":0,"pct":0},"branches":{"total":1,"covered":0,"skipped":0,"pct":0}}
,"/home/jackkru69/Documents/PowerTools/packages/tssdk/src/config/network.enum.ts": {"lines":{"total":5,"covered":0,"skipped":0,"pct":0},"functions":{"total":1,"covered":0,"skipped":0,"pct":0},"statements":{"total":5,"covered":0,"skipped":0,"pct":0},"branches":{"total":1,"covered":0,"skipped":0,"pct":0}}
,"/home/jackkru69/Documents/PowerTools/packages/tssdk/src/helpers/abi.helper.ts": {"lines":{"total":3,"covered":0,"skipped":0,"pct":0},"functions":{"total":1,"covered":0,"skipped":0,"pct":0},"statements":{"total":3,"covered":0,"skipped":0,"pct":0},"branches":{"total":1,"covered":0,"skipped":0,"pct":0}}
,"/home/jackkru69/Documents/PowerTools/packages/tssdk/src/helpers/bnHex.helper.ts": {"lines":{"total":8,"covered":0,"skipped":0,"pct":0},"functions":{"total":1,"covered":0,"skipped":0,"pct":0},"statements":{"total":8,"covered":0,"skipped":0,"pct":0},"branches":{"total":1,"covered":0,"skipped":0,"pct":0}}
,"/home/jackkru69/Documents/PowerTools/packages/tssdk/src/helpers/network.enum.ts": {"lines":{"total":17,"covered":0,"skipped":0,"pct":0},"functions":{"total":1,"covered":0,"skipped":0,"pct":0},"statements":{"total":17,"covered":0,"skipped":0,"pct":0},"branches":{"total":1,"covered":0,"skipped":0,"pct":0}}
,"/home/jackkru69/Documents/PowerTools/packages/tssdk/src/helpers/network.helper.ts": {"lines":{"total":83,"covered":0,"skipped":0,"pct":0},"functions":{"total":1,"covered":0,"skipped":0,"pct":0},"statements":{"total":83,"covered":0,"skipped":0,"pct":0},"branches":{"total":1,"covered":0,"skipped":0,"pct":0}}
,"/home/jackkru69/Documents/PowerTools/packages/tssdk/src/helpers/string.ts": {"lines":{"total":7,"covered":1,"skipped":0,"pct":14.28},"functions":{"total":1,"covered":0,"skipped":0,"pct":0},"statements":{"total":7,"covered":1,"skipped":0,"pct":14.28},"branches":{"total":0,"covered":0,"skipped":0,"pct":100}}
,"/home/jackkru69/Documents/PowerTools/packages/tssdk/src/libs/index.ts": {"lines":{"total":1,"covered":0,"skipped":0,"pct":0},"functions":{"total":1,"covered":0,"skipped":0,"pct":0},"statements":{"total":1,"covered":0,"skipped":0,"pct":0},"branches":{"total":1,"covered":0,"skipped":0,"pct":0}}
,"/home/jackkru69/Documents/PowerTools/packages/tssdk/src/libs/lstore.ts": {"lines":{"total":86,"covered":0,"skipped":0,"pct":0},"functions":{"total":1,"covered":0,"skipped":0,"pct":0},"statements":{"total":86,"covered":0,"skipped":0,"pct":0},"branches":{"total":1,"covered":0,"skipped":0,"pct":0}}
,"/home/jackkru69/Documents/PowerTools/packages/tssdk/src/libs/transactions.ts": {"lines":{"total":402,"covered":0,"skipped":0,"pct":0},"functions":{"total":1,"covered":0,"skipped":0,"pct":0},"statements":{"total":402,"covered":0,"skipped":0,"pct":0},"branches":{"total":1,"covered":0,"skipped":0,"pct":0}}
,"/home/jackkru69/Documents/PowerTools/packages/tssdk/src/libs/wallet.ts": {"lines":{"total":148,"covered":0,"skipped":0,"pct":0},"functions":{"total":1,"covered":0,"skipped":0,"pct":0},"statements":{"total":148,"covered":0,"skipped":0,"pct":0},"branches":{"total":1,"covered":0,"skipped":0,"pct":0}}
,"/home/jackkru69/Documents/PowerTools/packages/tssdk/src/libs/address/address.ts": {"lines":{"total":190,"covered":79,"skipped":0,"pct":41.57},"functions":{"total":13,"covered":4,"skipped":0,"pct":30.76},"statements":{"total":190,"covered":79,"skipped":0,"pct":41.57},"branches":{"total":12,"covered":9,"skipped":0,"pct":75}}
,"/home/jackkru69/Documents/PowerTools/packages/tssdk/src/libs/address/exceptions/bad-address.exception.ts": {"lines":{"total":8,"covered":6,"skipped":0,"pct":75},"functions":{"total":2,"covered":1,"skipped":0,"pct":50},"statements":{"total":8,"covered":6,"skipped":0,"pct":75},"branches":{"total":1,"covered":1,"skipped":0,"pct":100}}
,"/home/jackkru69/Documents/PowerTools/packages/tssdk/src/libs/address/exceptions/invalid-checksum.exception.ts": {"lines":{"total":8,"covered":6,"skipped":0,"pct":75},"functions":{"total":2,"covered":1,"skipped":0,"pct":50},"statements":{"total":8,"covered":6,"skipped":0,"pct":75},"branches":{"total":1,"covered":1,"skipped":0,"pct":100}}
,"/home/jackkru69/Documents/PowerTools/packages/tssdk/src/libs/crypto/crypto.ts": {"lines":{"total":251,"covered":0,"skipped":0,"pct":0},"functions":{"total":1,"covered":0,"skipped":0,"pct":0},"statements":{"total":251,"covered":0,"skipped":0,"pct":0},"branches":{"total":1,"covered":0,"skipped":0,"pct":0}}
,"/home/jackkru69/Documents/PowerTools/packages/tssdk/src/libs/crypto/exceptions/file-is-corrupt.exception.ts": {"lines":{"total":8,"covered":0,"skipped":0,"pct":0},"functions":{"total":1,"covered":0,"skipped":0,"pct":0},"statements":{"total":8,"covered":0,"skipped":0,"pct":0},"branches":{"total":1,"covered":0,"skipped":0,"pct":0}}
,"/home/jackkru69/Documents/PowerTools/packages/tssdk/src/libs/crypto/exceptions/parse-whole-pem.exception.ts": {"lines":{"total":8,"covered":0,"skipped":0,"pct":0},"functions":{"total":1,"covered":0,"skipped":0,"pct":0},"statements":{"total":8,"covered":0,"skipped":0,"pct":0},"branches":{"total":1,"covered":0,"skipped":0,"pct":0}}
,"/home/jackkru69/Documents/PowerTools/packages/tssdk/src/libs/crypto/exceptions/unknown-curve.exception.ts": {"lines":{"total":8,"covered":0,"skipped":0,"pct":0},"functions":{"total":1,"covered":0,"skipped":0,"pct":0},"statements":{"total":8,"covered":0,"skipped":0,"pct":0},"branches":{"total":1,"covered":0,"skipped":0,"pct":0}}
,"/home/jackkru69/Documents/PowerTools/packages/tssdk/src/libs/evm-api/evmCore.ts": {"lines":{"total":70,"covered":0,"skipped":0,"pct":0},"functions":{"total":1,"covered":0,"skipped":0,"pct":0},"statements":{"total":70,"covered":0,"skipped":0,"pct":0},"branches":{"total":1,"covered":0,"skipped":0,"pct":0}}
,"/home/jackkru69/Documents/PowerTools/packages/tssdk/src/libs/network/network.ts": {"lines":{"total":435,"covered":0,"skipped":0,"pct":0},"functions":{"total":1,"covered":0,"skipped":0,"pct":0},"statements":{"total":435,"covered":0,"skipped":0,"pct":0},"branches":{"total":1,"covered":0,"skipped":0,"pct":0}}
,"/home/jackkru69/Documents/PowerTools/packages/tssdk/src/libs/network/eceptions/chain-unavailable.exception.ts": {"lines":{"total":8,"covered":0,"skipped":0,"pct":0},"functions":{"total":1,"covered":0,"skipped":0,"pct":0},"statements":{"total":8,"covered":0,"skipped":0,"pct":0},"branches":{"total":1,"covered":0,"skipped":0,"pct":0}}
,"/home/jackkru69/Documents/PowerTools/packages/tssdk/src/libs/network/eceptions/hash-mismatch.exception.ts": {"lines":{"total":8,"covered":0,"skipped":0,"pct":0},"functions":{"total":1,"covered":0,"skipped":0,"pct":0},"statements":{"total":8,"covered":0,"skipped":0,"pct":0},"branches":{"total":1,"covered":0,"skipped":0,"pct":0}}
,"/home/jackkru69/Documents/PowerTools/packages/tssdk/src/libs/network/eceptions/no-nodes-found.exception.ts": {"lines":{"total":9,"covered":0,"skipped":0,"pct":0},"functions":{"total":1,"covered":0,"skipped":0,"pct":0},"statements":{"total":9,"covered":0,"skipped":0,"pct":0},"branches":{"total":1,"covered":0,"skipped":0,"pct":0}}
,"/home/jackkru69/Documents/PowerTools/packages/tssdk/src/libs/network/eceptions/no-nodes-to-query.exception.ts": {"lines":{"total":8,"covered":0,"skipped":0,"pct":0},"functions":{"total":1,"covered":0,"skipped":0,"pct":0},"statements":{"total":8,"covered":0,"skipped":0,"pct":0},"branches":{"total":1,"covered":0,"skipped":0,"pct":0}}
,"/home/jackkru69/Documents/PowerTools/packages/tssdk/src/libs/network/eceptions/unknown-chain.exception.ts": {"lines":{"total":9,"covered":0,"skipped":0,"pct":0},"functions":{"total":1,"covered":0,"skipped":0,"pct":0},"statements":{"total":9,"covered":0,"skipped":0,"pct":0},"branches":{"total":1,"covered":0,"skipped":0,"pct":0}}
,"/home/jackkru69/Documents/PowerTools/packages/tssdk/src/utils/files.ts": {"lines":{"total":20,"covered":0,"skipped":0,"pct":0},"functions":{"total":1,"covered":0,"skipped":0,"pct":0},"statements":{"total":20,"covered":0,"skipped":0,"pct":0},"branches":{"total":1,"covered":0,"skipped":0,"pct":0}}
,"/home/jackkru69/Documents/PowerTools/packages/tssdk/src/utils/msgpack.ts": {"lines":{"total":7,"covered":0,"skipped":0,"pct":0},"functions":{"total":1,"covered":0,"skipped":0,"pct":0},"statements":{"total":7,"covered":0,"skipped":0,"pct":0},"branches":{"total":1,"covered":0,"skipped":0,"pct":0}}
}
