{"total": {"lines":{"total":4513,"covered":0,"skipped":0,"pct":0},"statements":{"total":4513,"covered":0,"skipped":0,"pct":0},"functions":{"total":32,"covered":3,"skipped":0,"pct":9.37},"branches":{"total":32,"covered":3,"skipped":0,"pct":9.37},"branchesTrue":{"total":0,"covered":0,"skipped":0,"pct":100}}
,"/home/jackkru69/Documents/PowerTools/packages/cli/src/baseCommand.ts": {"lines":{"total":6,"covered":0,"skipped":0,"pct":0},"functions":{"total":1,"covered":0,"skipped":0,"pct":0},"statements":{"total":6,"covered":0,"skipped":0,"pct":0},"branches":{"total":1,"covered":0,"skipped":0,"pct":0}}
,"/home/jackkru69/Documents/PowerTools/packages/cli/src/index.ts": {"lines":{"total":1,"covered":0,"skipped":0,"pct":0},"functions":{"total":1,"covered":0,"skipped":0,"pct":0},"statements":{"total":1,"covered":0,"skipped":0,"pct":0},"branches":{"total":1,"covered":0,"skipped":0,"pct":0}}
,"/home/jackkru69/Documents/PowerTools/packages/cli/src/abis/index.ts": {"lines":{"total":4,"covered":0,"skipped":0,"pct":0},"functions":{"total":1,"covered":0,"skipped":0,"pct":0},"statements":{"total":4,"covered":0,"skipped":0,"pct":0},"branches":{"total":1,"covered":0,"skipped":0,"pct":0}}
,"/home/jackkru69/Documents/PowerTools/packages/cli/src/abis/order.ts": {"lines":{"total":938,"covered":0,"skipped":0,"pct":0},"functions":{"total":1,"covered":0,"skipped":0,"pct":0},"statements":{"total":938,"covered":0,"skipped":0,"pct":0},"branches":{"total":1,"covered":0,"skipped":0,"pct":0}}
,"/home/jackkru69/Documents/PowerTools/packages/cli/src/abis/provider.ts": {"lines":{"total":624,"covered":0,"skipped":0,"pct":0},"functions":{"total":1,"covered":0,"skipped":0,"pct":0},"statements":{"total":624,"covered":0,"skipped":0,"pct":0},"branches":{"total":1,"covered":0,"skipped":0,"pct":0}}
,"/home/jackkru69/Documents/PowerTools/packages/cli/src/abis/storage.ts": {"lines":{"total":790,"covered":0,"skipped":0,"pct":0},"functions":{"total":1,"covered":0,"skipped":0,"pct":0},"statements":{"total":790,"covered":0,"skipped":0,"pct":0},"branches":{"total":1,"covered":0,"skipped":0,"pct":0}}
,"/home/jackkru69/Documents/PowerTools/packages/cli/src/commands/acc/get-balance.ts": {"lines":{"total":71,"covered":0,"skipped":0,"pct":0},"functions":{"total":1,"covered":0,"skipped":0,"pct":0},"statements":{"total":71,"covered":0,"skipped":0,"pct":0},"branches":{"total":1,"covered":0,"skipped":0,"pct":0}}
,"/home/jackkru69/Documents/PowerTools/packages/cli/src/commands/acc/register.ts": {"lines":{"total":203,"covered":0,"skipped":0,"pct":0},"functions":{"total":1,"covered":0,"skipped":0,"pct":0},"statements":{"total":203,"covered":0,"skipped":0,"pct":0},"branches":{"total":1,"covered":0,"skipped":0,"pct":0}}
,"/home/jackkru69/Documents/PowerTools/packages/cli/src/commands/acc/send-sk.ts": {"lines":{"total":89,"covered":0,"skipped":0,"pct":0},"functions":{"total":1,"covered":0,"skipped":0,"pct":0},"statements":{"total":89,"covered":0,"skipped":0,"pct":0},"branches":{"total":1,"covered":0,"skipped":0,"pct":0}}
,"/home/jackkru69/Documents/PowerTools/packages/cli/src/commands/container/actions.ts": {"lines":{"total":78,"covered":0,"skipped":0,"pct":0},"functions":{"total":1,"covered":0,"skipped":0,"pct":0},"statements":{"total":78,"covered":0,"skipped":0,"pct":0},"branches":{"total":1,"covered":0,"skipped":0,"pct":0}}
,"/home/jackkru69/Documents/PowerTools/packages/cli/src/commands/container/create.ts": {"lines":{"total":184,"covered":0,"skipped":0,"pct":0},"functions":{"total":1,"covered":0,"skipped":0,"pct":0},"statements":{"total":184,"covered":0,"skipped":0,"pct":0},"branches":{"total":1,"covered":0,"skipped":0,"pct":0}}
,"/home/jackkru69/Documents/PowerTools/packages/cli/src/commands/container/list.ts": {"lines":{"total":100,"covered":0,"skipped":0,"pct":0},"functions":{"total":1,"covered":0,"skipped":0,"pct":0},"statements":{"total":100,"covered":0,"skipped":0,"pct":0},"branches":{"total":1,"covered":0,"skipped":0,"pct":0}}
,"/home/jackkru69/Documents/PowerTools/packages/cli/src/commands/container/update.ts": {"lines":{"total":98,"covered":0,"skipped":0,"pct":0},"functions":{"total":1,"covered":0,"skipped":0,"pct":0},"statements":{"total":98,"covered":0,"skipped":0,"pct":0},"branches":{"total":1,"covered":0,"skipped":0,"pct":0}}
,"/home/jackkru69/Documents/PowerTools/packages/cli/src/commands/container/upload.ts": {"lines":{"total":185,"covered":0,"skipped":0,"pct":0},"functions":{"total":1,"covered":0,"skipped":0,"pct":0},"statements":{"total":185,"covered":0,"skipped":0,"pct":0},"branches":{"total":1,"covered":0,"skipped":0,"pct":0}}
,"/home/jackkru69/Documents/PowerTools/packages/cli/src/commands/contract/deploy.ts": {"lines":{"total":124,"covered":0,"skipped":0,"pct":0},"functions":{"total":1,"covered":0,"skipped":0,"pct":0},"statements":{"total":124,"covered":0,"skipped":0,"pct":0},"branches":{"total":1,"covered":0,"skipped":0,"pct":0}}
,"/home/jackkru69/Documents/PowerTools/packages/cli/src/commands/contract/get.ts": {"lines":{"total":44,"covered":0,"skipped":0,"pct":0},"functions":{"total":1,"covered":0,"skipped":0,"pct":0},"statements":{"total":44,"covered":0,"skipped":0,"pct":0},"branches":{"total":1,"covered":0,"skipped":0,"pct":0}}
,"/home/jackkru69/Documents/PowerTools/packages/cli/src/commands/contract/set.ts": {"lines":{"total":103,"covered":0,"skipped":0,"pct":0},"functions":{"total":1,"covered":0,"skipped":0,"pct":0},"statements":{"total":103,"covered":0,"skipped":0,"pct":0},"branches":{"total":1,"covered":0,"skipped":0,"pct":0}}
,"/home/jackkru69/Documents/PowerTools/packages/cli/src/commands/provider/create.ts": {"lines":{"total":85,"covered":0,"skipped":0,"pct":0},"functions":{"total":1,"covered":0,"skipped":0,"pct":0},"statements":{"total":85,"covered":0,"skipped":0,"pct":0},"branches":{"total":1,"covered":0,"skipped":0,"pct":0}}
,"/home/jackkru69/Documents/PowerTools/packages/cli/src/commands/provider/list.ts": {"lines":{"total":156,"covered":0,"skipped":0,"pct":0},"functions":{"total":1,"covered":0,"skipped":0,"pct":0},"statements":{"total":156,"covered":0,"skipped":0,"pct":0},"branches":{"total":1,"covered":0,"skipped":0,"pct":0}}
,"/home/jackkru69/Documents/PowerTools/packages/cli/src/commands/provider/set-url.ts": {"lines":{"total":85,"covered":0,"skipped":0,"pct":0},"functions":{"total":1,"covered":0,"skipped":0,"pct":0},"statements":{"total":85,"covered":0,"skipped":0,"pct":0},"branches":{"total":1,"covered":0,"skipped":0,"pct":0}}
,"/home/jackkru69/Documents/PowerTools/packages/cli/src/commands/storage/tasklist.ts": {"lines":{"total":46,"covered":0,"skipped":0,"pct":0},"functions":{"total":1,"covered":0,"skipped":0,"pct":0},"statements":{"total":46,"covered":0,"skipped":0,"pct":0},"branches":{"total":1,"covered":0,"skipped":0,"pct":0}}
,"/home/jackkru69/Documents/PowerTools/packages/cli/src/commands/storage/upload.ts": {"lines":{"total":115,"covered":0,"skipped":0,"pct":0},"functions":{"total":1,"covered":0,"skipped":0,"pct":0},"statements":{"total":115,"covered":0,"skipped":0,"pct":0},"branches":{"total":1,"covered":0,"skipped":0,"pct":0}}
,"/home/jackkru69/Documents/PowerTools/packages/cli/src/config/cli.ts": {"lines":{"total":12,"covered":0,"skipped":0,"pct":0},"functions":{"total":1,"covered":0,"skipped":0,"pct":0},"statements":{"total":12,"covered":0,"skipped":0,"pct":0},"branches":{"total":1,"covered":0,"skipped":0,"pct":0}}
,"/home/jackkru69/Documents/PowerTools/packages/cli/src/helpers/calc-hash.helper.ts": {"lines":{"total":14,"covered":0,"skipped":0,"pct":0},"functions":{"total":1,"covered":0,"skipped":0,"pct":0},"statements":{"total":14,"covered":0,"skipped":0,"pct":0},"branches":{"total":1,"covered":0,"skipped":0,"pct":0}}
,"/home/jackkru69/Documents/PowerTools/packages/cli/src/helpers/config.helper.ts": {"lines":{"total":72,"covered":0,"skipped":0,"pct":0},"functions":{"total":1,"covered":0,"skipped":0,"pct":0},"statements":{"total":72,"covered":0,"skipped":0,"pct":0},"branches":{"total":1,"covered":0,"skipped":0,"pct":0}}
,"/home/jackkru69/Documents/PowerTools/packages/cli/src/helpers/container.helper.ts": {"lines":{"total":102,"covered":0,"skipped":0,"pct":0},"functions":{"total":1,"covered":0,"skipped":0,"pct":0},"statements":{"total":102,"covered":0,"skipped":0,"pct":0},"branches":{"total":1,"covered":0,"skipped":0,"pct":0}}
,"/home/jackkru69/Documents/PowerTools/packages/cli/src/helpers/network.helper.ts": {"lines":{"total":40,"covered":0,"skipped":0,"pct":0},"functions":{"total":1,"covered":0,"skipped":0,"pct":0},"statements":{"total":40,"covered":0,"skipped":0,"pct":0},"branches":{"total":1,"covered":0,"skipped":0,"pct":0}}
,"/home/jackkru69/Documents/PowerTools/packages/cli/src/helpers/params-parser.helper.ts": {"lines":{"total":99,"covered":0,"skipped":0,"pct":0},"functions":{"total":1,"covered":0,"skipped":0,"pct":0},"statements":{"total":99,"covered":0,"skipped":0,"pct":0},"branches":{"total":1,"covered":0,"skipped":0,"pct":0}}
,"/home/jackkru69/Documents/PowerTools/packages/cli/src/helpers/upload.helper.ts": {"lines":{"total":45,"covered":0,"skipped":0,"pct":0},"functions":{"total":1,"covered":0,"skipped":0,"pct":0},"statements":{"total":45,"covered":0,"skipped":0,"pct":0},"branches":{"total":1,"covered":0,"skipped":0,"pct":0}}
,"/home/jackkru69/Documents/PowerTools/packages/cli/src/types/cli-config.type.ts": {"lines":{"total":0,"covered":0,"skipped":0,"pct":100},"functions":{"total":1,"covered":1,"skipped":0,"pct":100},"statements":{"total":0,"covered":0,"skipped":0,"pct":100},"branches":{"total":1,"covered":1,"skipped":0,"pct":100}}
,"/home/jackkru69/Documents/PowerTools/packages/cli/src/types/file.type.ts": {"lines":{"total":0,"covered":0,"skipped":0,"pct":100},"functions":{"total":1,"covered":1,"skipped":0,"pct":100},"statements":{"total":0,"covered":0,"skipped":0,"pct":100},"branches":{"total":1,"covered":1,"skipped":0,"pct":100}}
,"/home/jackkru69/Documents/PowerTools/packages/cli/src/types/task.type.ts": {"lines":{"total":0,"covered":0,"skipped":0,"pct":100},"functions":{"total":1,"covered":1,"skipped":0,"pct":100},"statements":{"total":0,"covered":0,"skipped":0,"pct":100},"branches":{"total":1,"covered":1,"skipped":0,"pct":100}}
}
